<?xml version="1.0" encoding="UTF-8"?>
<robot generator="Robot 7.2.2 (Python 3.11.7 on win32)" generated="2025-03-03T16:21:04.342314" rpa="false" schemaversion="5">
<suite id="s1" name="Testcase" source="D:\Bado\ExampleAutotesting\testcase.robot">
<test id="s1-t1" name="Open Google and Search" line="9">
<kw name="Open Browser" owner="SeleniumLibrary">
<msg time="2025-03-03T16:21:04.718782" level="INFO">Opening browser 'Chrome' to base url 'https://google.com'.</msg>
<arg>${URL}</arg>
<arg>${BROWSER}</arg>
<doc>Opens a new browser instance to the optional ``url``.</doc>
<status status="PASS" start="2025-03-03T16:21:04.718782" elapsed="5.199991"/>
</kw>
<kw name="Sleep" owner="BuiltIn">
<msg time="2025-03-03T16:21:11.920318" level="INFO">Slept 2 seconds.</msg>
<arg>2s</arg>
<doc>Pauses the test executed for the given time.</doc>
<status status="PASS" start="2025-03-03T16:21:09.919819" elapsed="2.000499"/>
</kw>
<kw name="Input Text" owner="SeleniumLibrary">
<msg time="2025-03-03T16:21:11.921324" level="INFO">Typing text 'Robot Framework' into text field 'name=q'.</msg>
<arg>name=q</arg>
<arg>Robot Framework</arg>
<doc>Types the given ``text`` into the text field identified by ``locator``.</doc>
<status status="PASS" start="2025-03-03T16:21:11.921324" elapsed="0.131520"/>
</kw>
<kw name="Press Keys" owner="SeleniumLibrary">
<msg time="2025-03-03T16:21:12.055262" level="INFO">Sending key(s) ('ENTER',) to name=q element.</msg>
<msg time="2025-03-03T16:21:12.336102" level="INFO">Pressing special key ENTER to element.</msg>
<msg time="2025-03-03T16:21:12.336102" level="INFO">Releasing special key ENTER.</msg>
<arg>name=q</arg>
<arg>ENTER</arg>
<doc>Simulates the user pressing key(s) to an element or on the active browser.</doc>
<status status="PASS" start="2025-03-03T16:21:12.052844" elapsed="1.421393"/>
</kw>
<kw name="Sleep" owner="BuiltIn">
<msg time="2025-03-03T16:21:16.474462" level="INFO">Slept 3 seconds.</msg>
<arg>3s</arg>
<doc>Pauses the test executed for the given time.</doc>
<status status="PASS" start="2025-03-03T16:21:13.474237" elapsed="3.000225"/>
</kw>
<kw name="Close Browser" owner="SeleniumLibrary">
<doc>Closes the current browser.</doc>
<status status="PASS" start="2025-03-03T16:21:16.474462" elapsed="2.123371"/>
</kw>
<status status="PASS" start="2025-03-03T16:21:04.703148" elapsed="13.894685"/>
</test>
<status status="PASS" start="2025-03-03T16:21:04.342314" elapsed="14.255519"/>
</suite>
<statistics>
<total>
<stat pass="1" fail="0" skip="0">All Tests</stat>
</total>
<tag>
</tag>
<suite>
<stat name="Testcase" id="s1" pass="1" fail="0" skip="0">Testcase</stat>
</suite>
</statistics>
<errors>
</errors>
</robot>
